*PADS-PCB*
*PART*
A1     LMR16006
A2     LMR16006
A3     LMR16006
C1     C0603_A
C2     C0603_A
C3     C0603_A
C4     C1206_A
C5     C0402_A
C6     C0402_A
C7     C0402_A
C8     C0402_A
C9     C0402_A
C10    C0402_A
C11    C0805_A
C12    C0805_A
C13    C0402_A
C14    C1206_A
C15    C0603_A
C16    C0603_A
C17    C0603_A
C18    C1206_A
C19    C0603_A
C20    CE10x16_put
C21    C1206_A
C22    C1206_A
C23    CE10x16_put
C24    C1206_A
C25    C0603_A
C26    C0603_A
C27    C0603_A
C28    C0805_A
C29    C0603_A
C30    C0603_A
C31    C0603_A
C32    C0603_A
C33    C0603_A
C34    C0805_A
C35    C0603_A
C36    C0603_A
C37    C0805_A
C38    C0805_A
C39    C0805_A
C40    C0805_A
C41    C0805_A
C42    C0805_A
C43    C0805_A
C44    C0805_A
C45    C0603_A
C46    C0603_A
C47    C0603_A
C48    C0603_A
C49    C0603_A
C50    C0805_A
C51    C0805_A
C52    C0603_A
DA1    SOT23-6_A
DA2    SOT23-6_A
DA3    SOT23-6_A
DA4    LGA-24
DA5    SOIC8_A_PowerPad
DA6    SC-70-6
DA7    SC-70-6
DA8    SC-70-6
DA9    SC-70-6
DA10   TSSOP14_A
DA11   SC-70-6
DD1    LQFP64_L
DD2    TO-PMOD-7
DD3    SOIC8_A
DD4    SOIC8_A
HL1    Led_0603_RED
HL2    Led_0603_green
HL3    Led_0603_green
HL4    Led_0603_Blue
HL5    Led_0603_Blue
HL6    Led_0603_Blue
HL7    Led_0603_RED
L1     L0603_A
L2     CDRH127
L3     CDRH127
L4     CDRH127
L5     CDRH127
L6     CDRH127
L7     CDRH127
R1     R0603_A
R2     R0603_A
R3     R0603_A
R4     R0603_A
R5     R0603_A
R6     R0603_A
R7     R0603_A
R8     R0603_A
R9     R0603_A
R10    R0603_A
R11    R0603_A
R12    R1206_A
R13    R0603_A
R14    R0603_A
R15    R0603_A
R16    R0603_A
R17    R0603_A
R18    R0603_A
R19    R0603_A
R20    R0603_A
R21    R0603_A
R22    R0603_A
R23    R0603_A
R24    R0603_A
R25    R0603_A
R26    R0603_A
R27    R0603_A
R28    R0603_A
R29    R0603_A
R30    R0603x4
R31    R0603_A
R32    R0603_A
R33    R0603_A
R34    R0603_A
R35    R0603_A
R36    R0603_A
R37    R0603_A
R38    R0603_A
R39    R0603_A
R40    R0603_A
R41    R0603_A
R42    R0603_A
R43    R0603_A
R44    R0603_A
R45    R0603_A
R46    R0603_A
R47    R0603_A
R48    R0603_A
R49    R0603_A
R50    R0603_A
R51    R0603_A
R52    R0603_A
R53    R0603_A
R54    R0603_A
R55    R0603_A
R56    R0603_A
R57    R0603_A
R58    R0603_A
R59    R0603_A
R60    R0603_A
R61    R0603_A
R62    R0603_A
R63    R0603_A
R64    R0603_A
R65    R0603_A
R66    R0603_A
R67    R0603_A
R68    R0603_A
R69    R0603_A
R70    R0603_A
R71    R0603_A
R72    R0603_A
R73    R0603_A
R74    R0603_A
R75    R0603_A
R76    R0603_A
R77    R0603_A
R78    R0603_A
R79    R0603_A
R80    R0603_A
R81    R0603_A
R82    R0603_A
R83    R0603_A
R84    R0603_A
R85    R0603_A
R86    R0603_A
R87    R0603_A
R88    R0603_A
R89    R0603_A
R90    R0603_A
R91    R0603_A
R92    R0603_A
R93    R0603_A
R94    R0603_A
R95    R0603_A
R96    R0603_A
R97    R0603_A
R98    R0603_A
R99    R0603_A
R100   R0603_A
R101   R0603_A
R102   R0603_A
R103   R0603_A
R104   R0603_A
R105   R0603_A
R106   R0603_A
R107   R0603_A
R108   R0603x4
R109   R0603x4
R110   R0603x4
R111   R0603x4
R112   R0603_A
R113   R0603_A
R114   R0603_A
R115   R0603_A
R116   R0603_A
R117   R0603_A
VD1    SMA_A
VD2    SOT23-3_A
VD3    SOT23-3_A
VD4    SOD123FL
VD5    SOD123FL
VD6    SOD123FL
VD7    SOD123FL
VD8    SOD123FL
VT1    DFN5
VT2    Micro8_A
VT3    Micro8_A
VT4    Micro8_A
X1     PLS_3
X2     PLS_6
X3     Molex_MK_43045-1000
X4     MOLEX_Click-Mate 2
X5     OMRON XF2W-2415-1A
X6     MOLEX_Click-Mate 3
X7     MOLEX_Click-Mate 5
X8     MOLEX_MK 43045-0401
X9     MOLEX_MK 43045-0401
X10    MOLEX_Click-Mate 8
X11    MOLEX_MK 43045-0401
X12    MOLEX_Click-Mate 4
X13    MOLEX_Click-Mate 3
X14    MOLEX_Click-Mate 3
X15    MOLEX_Click-Mate 3
X16    MOLEX_Click-Mate 3
X17    SSM-123-L-DV
X18    SSM-123-L-DV
X19    SSM-116-L-DV
X20    PBS-6
X21    SSM-116-L-DV
X22    PBS-6
X23    Molex_MK_43045-0427
X24    Molex_MK_43045-0427
X25    PLS_6
X26    PLS_6
Z1     CSTCE
*END*
