# Protel Formatted Netlist for MENTOR Board Station V6
# Reference         .... Value Field         Module Field
A1                       PART LMR16006       LMR16006
A2                       PART LMR16006       LMR16006
A3                       PART LMR16006       LMR16006
C1                       PART 0,1לך          C0603_A
C2                       PART 0,1לך          C0603_A
C3                       PART 0,1לך          C0603_A
C4                       PART 10לך           C1206_A
C5                       PART 0,1לך          C0402_A
C6                       PART 0,1לך          C0402_A
C7                       PART 0,1לך          C0402_A
C8                       PART 0,1לך          C0402_A
C9                       PART 0,1לך          C0402_A
C10                      PART 0,1לך          C0402_A
C11                      PART 2,2לך          C0805_A
C12                      PART 2,2לך          C0805_A
C13                      PART 0,1לך          C0402_A
C14                      PART 10לך           C1206_A
C15                      PART 4700           C0603_A
C16                      PART 0,1לך          C0603_A
C17                      PART 0,022לך        C0603_A
C18                      PART 10לך           C1206_A
C19                      PART 0,1לך          C0603_A
C20                      PART 470לך          CE10x16_put
C21                      PART 10לך           C1206_A
C22                      PART 10לך           C1206_A
C23                      PART 470לך          CE10x16_put
C24                      PART 10לך           C1206_A
C25                      PART 0,1לך          C0603_A
C26                      PART 0,1לך          C0603_A
C27                      PART 0,01לך         C0603_A
C28                      PART 4,7לך          C0805_A
C29                      PART 15             C0603_A
C30                      PART 0,1לך          C0603_A
C31                      PART 0,1לך          C0603_A
C32                      PART 4700           C0603_A
C33                      PART 0,1לך          C0603_A
C34                      PART 10לך           C0805_A
C35                      PART 0,1לך          C0603_A
C36                      PART 0,1לך          C0603_A
C37                      PART 4,7לך          C0805_A
C38                      PART 4,7לך          C0805_A
C39                      PART 4,7לך          C0805_A
C40                      PART 4,7לך          C0805_A
C41                      PART 4,7לך          C0805_A
C42                      PART 4,7לך          C0805_A
C43                      PART 4,7לך          C0805_A
C44                      PART 4,7לך          C0805_A
C45                      PART 0,1לך          C0603_A
C46                      PART 0,1לך          C0603_A
C47                      PART 0,1לך          C0603_A
C48                      PART 0,1לך          C0603_A
C49                      PART 0,1לך          C0603_A
C50                      PART 4,7לך          C0805_A
C51                      PART 4,7לך          C0805_A
C52                      PART 0,1לך          C0603_A
DA1                      PART TPD2S017       SOT23-6_A
DA2                      PART TPD2S017       SOT23-6_A
DA3                      PART TPD2S017       SOT23-6_A
DA4                      PART LSM9DS1        LGA-24
DA5                      PART MAX9547        SOIC8_A_PowerPad
DA6                      PART ADA4430        SC-70-6
DA7                      PART ADA4430        SC-70-6
DA8                      PART ADA4430        SC-70-6
DA9                      PART ADA4430        SC-70-6
DA10                     PART ADG1604BRUZ    TSSOP14_A
DA11                     PART ADA4430        SC-70-6
DD1                      PART STM32F405RG    LQFP64_L
DD2                      PART LMZ14203HTZ    TO-PMOD-7
DD3                      PART SN65HVD1781    SOIC8_A
DD4                      PART SN65HVD233D    SOIC8_A
HL1                      PART KP-1608EC      Led_0603_RED
HL2                      PART KP-1608MGC     Led_0603_green
HL3                      PART KP-1608MGC     Led_0603_green
HL4                      PART KP-1608QBC-D   Led_0603_Blue
HL5                      PART KP-1608QBC-D   Led_0603_Blue
HL6                      PART KP-1608QBC-D   Led_0603_Blue
HL7                      PART                Led_0603_RED
L1                       PART 180 ־ל         L0603_A
L2                       PART 56לךֳם         CDRH127
L3                       PART 56לךֳם         CDRH127
L4                       PART 56לךֳם         CDRH127
L5                       PART 56לךֳם         CDRH127
L6                       PART 56לךֳם         CDRH127
L7                       PART 56לךֳם         CDRH127
R1                       PART 330            R0603_A
R2                       PART 330            R0603_A
R3                       PART 100            R0603_A
R4                       PART 100            R0603_A
R5                       PART 100            R0603_A
R6                       PART 100            R0603_A
R7                       PART 100            R0603_A
R8                       PART 100            R0603_A
R9                       PART 39ך            R0603_A
R10                      PART 10ך            R0603_A
R11                      PART 47ך            R0603_A
R12                      PART                R1206_A
R13                      PART 36ך            R0603_A
R14                      PART 6,8ך           R0603_A
R15                      PART 100            R0603_A
R16                      PART 100            R0603_A
R17                      PART 47ך            R0603_A
R18                      PART 47ך            R0603_A
R19                      PART 47ך            R0603_A
R20                      PART 510            R0603_A
R21                      PART 0              R0603_A
R22                      PART 330            R0603_A
R23                      PART 330            R0603_A
R24                      PART 330            R0603_A
R25                      PART 100            R0603_A
R26                      PART 100            R0603_A
R27                      PART 100            R0603_A
R28                      PART 100            R0603_A
R29                      PART 100            R0603_A
R30                      PART 100            R0603x4
R31                      PART 47ך            R0603_A
R32                      PART 47ך            R0603_A
R33                      PART 47ך            R0603_A
R34                      PART 47ך            R0603_A
R35                      PART 47ך            R0603_A
R36                      PART 820            R0603_A
R37                      PART 100            R0603_A
R38                      PART 100            R0603_A
R39                      PART 100            R0603_A
R40                      PART 75             R0603_A
R41                      PART 10ך            R0603_A
R42                      PART 75             R0603_A
R43                      PART 47ך            R0603_A
R44                      PART 47ך            R0603_A
R45                      PART 47ך            R0603_A
R46                      PART 62             R0603_A
R47                      PART 62             R0603_A
R48                      PART 100            R0603_A
R49                      PART 100            R0603_A
R50                      PART 100            R0603_A
R51                      PART 62             R0603_A
R52                      PART 62             R0603_A
R53                      PART 47ך            R0603_A
R54                      PART 47ך            R0603_A
R55                      PART 47ך            R0603_A
R56                      PART 47ך            R0603_A
R57                      PART 0              R0603_A
R58                      PART 47ך            R0603_A
R59                      PART 47ך            R0603_A
R60                      PART 47ך            R0603_A
R61                      PART 0              R0603_A
R62                      PART 100            R0603_A
R63                      PART 100            R0603_A
R64                      PART 100            R0603_A
R65                      PART 100            R0603_A
R66                      PART 75             R0603_A
R67                      PART 75             R0603_A
R68                      PART 75             R0603_A
R69                      PART 75             R0603_A
R70                      PART 100            R0603_A
R71                      PART 100            R0603_A
R72                      PART 100            R0603_A
R73                      PART 10ך            R0603_A
R74                      PART 10ך            R0603_A
R75                      PART 10ך            R0603_A
R76                      PART 10ך            R0603_A
R77                      PART 47ך            R0603_A
R78                      PART 47ך            R0603_A
R79                      PART 47ך            R0603_A
R80                      PART 470            R0603_A
R81                      PART 470            R0603_A
R82                      PART 470            R0603_A
R83                      PART 470            R0603_A
R84                      PART 2,4ך           R0603_A
R85                      PART 2,4ך           R0603_A
R86                      PART 2,4ך           R0603_A
R87                      PART 2,4ך           R0603_A
R88                      PART 75             R0603_A
R89                      PART 75             R0603_A
R90                      PART 75             R0603_A
R91                      PART 75             R0603_A
R92                      PART 75             R0603_A
R93                      PART 75             R0603_A
R94                      PART 75             R0603_A
R95                      PART 75             R0603_A
R96                      PART 75             R0603_A
R97                      PART 75             R0603_A
R98                      PART 10ך            R0603_A
R99                      PART 470            R0603_A
R100                     PART 2,4ך           R0603_A
R101                     PART 100            R0603_A
R102                     PART 100            R0603_A
R103                     PART 100            R0603_A
R104                     PART 47ך            R0603_A
R105                     PART 47ך            R0603_A
R106                     PART 75             R0603_A
R107                     PART 47ך            R0603_A
R108                     PART 10ך            R0603x4
R109                     PART 10ך            R0603x4
R110                     PART 100            R0603x4
R111                     PART 100            R0603x4
R112                     PART 47ך            R0603_A
R113                     PART 47ך            R0603_A
R114                     PART 47ך            R0603_A
R115                     PART 47ך            R0603_A
R116                     PART 47ך            R0603_A
R117                     PART 47ך            R0603_A
VD1                      PART MBR2H100SFT3G  SMA_A
VD2                      PART SM712          SOT23-3_A
VD3                      PART AQ24CANFD      SOT23-3_A
VD4                      PART MBR2H100SFT3G  SOD123FL
VD5                      PART MBR2H100SFT3G  SOD123FL
VD6                      PART MBR2H100SFT3G  SOD123FL
VD7                      PART MBR2H100SFT3G  SOD123FL
VD8                      PART MBR2H100SFT3G  SOD123FL
VT1                      PART NTMFS5H409NL   DFN5
VT2                      PART IRF7509        Micro8_A
VT3                      PART IRF7509        Micro8_A
VT4                      PART IRF7509        Micro8_A
X1                       PART PLS-3          PLS_3
X2                       PART PLS-6          PLS_6
X3                       PART Micro-Fit 43045-1000Molex_MK_43045-1000
X4                       PART Clik-Mate 5025840270MOLEX_Click-Mate 2
X5                       PART OMRON XF2W-2415-1AOMRON XF2W-2415-1A
X6                       PART Clik-Mate 5025840370MOLEX_Click-Mate 3
X7                       PART Clik-Mate 5025840570MOLEX_Click-Mate 5
X8                       PART Micro-Fit 43045-0401MOLEX_MK 43045-0401
X9                       PART Micro-Fit 43045-0401MOLEX_MK 43045-0401
X10                      PART Clik-Mate 5025840870MOLEX_Click-Mate 8
X11                      PART Micro-Fit 43045-0401MOLEX_MK 43045-0401
X12                      PART Clik-Mate 5025840470MOLEX_Click-Mate 4
X13                      PART Clik-Mate 5025840370MOLEX_Click-Mate 3
X14                      PART Clik-Mate 5025840370MOLEX_Click-Mate 3
X15                      PART Clik-Mate 5025840370MOLEX_Click-Mate 3
X16                      PART Clik-Mate 5025840370MOLEX_Click-Mate 3
X17                      PART SSM-123-L-DV   SSM-123-L-DV
X18                      PART SSM-123-L-DV   SSM-123-L-DV
X19                      PART SSM-116-L-DV   SSM-116-L-DV
X20                      PART PBS-06-SMD     PBS-6
X21                      PART SSM-116-L-DV   SSM-116-L-DV
X22                      PART PBS-06-SMD     PBS-6
X23                      PART Micro-Fit 43045-0800Molex_MK_43045-0427
X24                      PART Micro-Fit 43045-0800Molex_MK_43045-0427
X25                      PART PLS-6          PLS_6
X26                      PART PLS-6          PLS_6
Z1                       PART CSTCE12M0G52-R0CSTCE
