LMR16006            A1                  LMR16006            000     000     0
LMR16006            A2                  LMR16006            000     000     0
LMR16006            A3                  LMR16006            000     000     0
0,1לך               C1                  C0603_A             000     000     0
0,1לך               C2                  C0603_A             000     000     0
0,1לך               C3                  C0603_A             000     000     0
10לך                C4                  C1206_A             000     000     0
0,1לך               C5                  C0402_A             000     000     0
0,1לך               C6                  C0402_A             000     000     0
0,1לך               C7                  C0402_A             000     000     0
0,1לך               C8                  C0402_A             000     000     0
0,1לך               C9                  C0402_A             000     000     0
0,1לך               C10                 C0402_A             000     000     0
2,2לך               C11                 C0805_A             000     000     0
2,2לך               C12                 C0805_A             000     000     0
0,1לך               C13                 C0402_A             000     000     0
10לך                C14                 C1206_A             000     000     0
4700                C15                 C0603_A             000     000     0
0,1לך               C16                 C0603_A             000     000     0
0,022לך             C17                 C0603_A             000     000     0
10לך                C18                 C1206_A             000     000     0
0,1לך               C19                 C0603_A             000     000     0
470לך               C20                 CE10x16_put         000     000     0
10לך                C21                 C1206_A             000     000     0
10לך                C22                 C1206_A             000     000     0
470לך               C23                 CE10x16_put         000     000     0
10לך                C24                 C1206_A             000     000     0
0,1לך               C25                 C0603_A             000     000     0
0,1לך               C26                 C0603_A             000     000     0
0,01לך              C27                 C0603_A             000     000     0
4,7לך               C28                 C0805_A             000     000     0
15                  C29                 C0603_A             000     000     0
0,1לך               C30                 C0603_A             000     000     0
0,1לך               C31                 C0603_A             000     000     0
4700                C32                 C0603_A             000     000     0
0,1לך               C33                 C0603_A             000     000     0
10לך                C34                 C0805_A             000     000     0
0,1לך               C35                 C0603_A             000     000     0
0,1לך               C36                 C0603_A             000     000     0
4,7לך               C37                 C0805_A             000     000     0
4,7לך               C38                 C0805_A             000     000     0
4,7לך               C39                 C0805_A             000     000     0
4,7לך               C40                 C0805_A             000     000     0
4,7לך               C41                 C0805_A             000     000     0
4,7לך               C42                 C0805_A             000     000     0
4,7לך               C43                 C0805_A             000     000     0
4,7לך               C44                 C0805_A             000     000     0
0,1לך               C45                 C0603_A             000     000     0
0,1לך               C46                 C0603_A             000     000     0
0,1לך               C47                 C0603_A             000     000     0
0,1לך               C48                 C0603_A             000     000     0
0,1לך               C49                 C0603_A             000     000     0
4,7לך               C50                 C0805_A             000     000     0
4,7לך               C51                 C0805_A             000     000     0
0,1לך               C52                 C0603_A             000     000     0
TPD2S017            DA1                 SOT23-6_A           000     000     0
TPD2S017            DA2                 SOT23-6_A           000     000     0
TPD2S017            DA3                 SOT23-6_A           000     000     0
LSM9DS1             DA4                 LGA-24              000     000     0
MAX9547             DA5                 SOIC8_A_PowerPad    000     000     0
ADA4430             DA6                 SC-70-6             000     000     0
ADA4430             DA7                 SC-70-6             000     000     0
ADA4430             DA8                 SC-70-6             000     000     0
ADA4430             DA9                 SC-70-6             000     000     0
ADG1604BRUZ         DA10                TSSOP14_A           000     000     0
ADA4430             DA11                SC-70-6             000     000     0
STM32F405RG         DD1                 LQFP64_L            000     000     0
LMZ14203HTZ         DD2                 TO-PMOD-7           000     000     0
SN65HVD1781         DD3                 SOIC8_A             000     000     0
SN65HVD233D         DD4                 SOIC8_A             000     000     0
KP-1608EC           HL1                 Led_0603_RED        000     000     0
KP-1608MGC          HL2                 Led_0603_green      000     000     0
KP-1608MGC          HL3                 Led_0603_green      000     000     0
KP-1608QBC-D        HL4                 Led_0603_Blue       000     000     0
KP-1608QBC-D        HL5                 Led_0603_Blue       000     000     0
KP-1608QBC-D        HL6                 Led_0603_Blue       000     000     0
                    HL7                 Led_0603_RED        000     000     0
180 ־ל              L1                  L0603_A             000     000     0
56לךֳם              L2                  CDRH127             000     000     0
56לךֳם              L3                  CDRH127             000     000     0
56לךֳם              L4                  CDRH127             000     000     0
56לךֳם              L5                  CDRH127             000     000     0
56לךֳם              L6                  CDRH127             000     000     0
56לךֳם              L7                  CDRH127             000     000     0
330                 R1                  R0603_A             000     000     0
330                 R2                  R0603_A             000     000     0
100                 R3                  R0603_A             000     000     0
100                 R4                  R0603_A             000     000     0
100                 R5                  R0603_A             000     000     0
100                 R6                  R0603_A             000     000     0
100                 R7                  R0603_A             000     000     0
100                 R8                  R0603_A             000     000     0
39ך                 R9                  R0603_A             000     000     0
10ך                 R10                 R0603_A             000     000     0
47ך                 R11                 R0603_A             000     000     0
                    R12                 R1206_A             000     000     0
36ך                 R13                 R0603_A             000     000     0
6,8ך                R14                 R0603_A             000     000     0
100                 R15                 R0603_A             000     000     0
100                 R16                 R0603_A             000     000     0
47ך                 R17                 R0603_A             000     000     0
47ך                 R18                 R0603_A             000     000     0
47ך                 R19                 R0603_A             000     000     0
510                 R20                 R0603_A             000     000     0
0                   R21                 R0603_A             000     000     0
330                 R22                 R0603_A             000     000     0
330                 R23                 R0603_A             000     000     0
330                 R24                 R0603_A             000     000     0
100                 R25                 R0603_A             000     000     0
100                 R26                 R0603_A             000     000     0
100                 R27                 R0603_A             000     000     0
100                 R28                 R0603_A             000     000     0
100                 R29                 R0603_A             000     000     0
100                 R30                 R0603x4             000     000     0
47ך                 R31                 R0603_A             000     000     0
47ך                 R32                 R0603_A             000     000     0
47ך                 R33                 R0603_A             000     000     0
47ך                 R34                 R0603_A             000     000     0
47ך                 R35                 R0603_A             000     000     0
820                 R36                 R0603_A             000     000     0
100                 R37                 R0603_A             000     000     0
100                 R38                 R0603_A             000     000     0
100                 R39                 R0603_A             000     000     0
75                  R40                 R0603_A             000     000     0
10ך                 R41                 R0603_A             000     000     0
75                  R42                 R0603_A             000     000     0
47ך                 R43                 R0603_A             000     000     0
47ך                 R44                 R0603_A             000     000     0
47ך                 R45                 R0603_A             000     000     0
62                  R46                 R0603_A             000     000     0
62                  R47                 R0603_A             000     000     0
100                 R48                 R0603_A             000     000     0
100                 R49                 R0603_A             000     000     0
100                 R50                 R0603_A             000     000     0
62                  R51                 R0603_A             000     000     0
62                  R52                 R0603_A             000     000     0
47ך                 R53                 R0603_A             000     000     0
47ך                 R54                 R0603_A             000     000     0
47ך                 R55                 R0603_A             000     000     0
47ך                 R56                 R0603_A             000     000     0
0                   R57                 R0603_A             000     000     0
47ך                 R58                 R0603_A             000     000     0
47ך                 R59                 R0603_A             000     000     0
47ך                 R60                 R0603_A             000     000     0
0                   R61                 R0603_A             000     000     0
100                 R62                 R0603_A             000     000     0
100                 R63                 R0603_A             000     000     0
100                 R64                 R0603_A             000     000     0
100                 R65                 R0603_A             000     000     0
75                  R66                 R0603_A             000     000     0
75                  R67                 R0603_A             000     000     0
75                  R68                 R0603_A             000     000     0
75                  R69                 R0603_A             000     000     0
100                 R70                 R0603_A             000     000     0
100                 R71                 R0603_A             000     000     0
100                 R72                 R0603_A             000     000     0
10ך                 R73                 R0603_A             000     000     0
10ך                 R74                 R0603_A             000     000     0
10ך                 R75                 R0603_A             000     000     0
10ך                 R76                 R0603_A             000     000     0
47ך                 R77                 R0603_A             000     000     0
47ך                 R78                 R0603_A             000     000     0
47ך                 R79                 R0603_A             000     000     0
470                 R80                 R0603_A             000     000     0
470                 R81                 R0603_A             000     000     0
470                 R82                 R0603_A             000     000     0
470                 R83                 R0603_A             000     000     0
2,4ך                R84                 R0603_A             000     000     0
2,4ך                R85                 R0603_A             000     000     0
2,4ך                R86                 R0603_A             000     000     0
2,4ך                R87                 R0603_A             000     000     0
75                  R88                 R0603_A             000     000     0
75                  R89                 R0603_A             000     000     0
75                  R90                 R0603_A             000     000     0
75                  R91                 R0603_A             000     000     0
75                  R92                 R0603_A             000     000     0
75                  R93                 R0603_A             000     000     0
75                  R94                 R0603_A             000     000     0
75                  R95                 R0603_A             000     000     0
75                  R96                 R0603_A             000     000     0
75                  R97                 R0603_A             000     000     0
10ך                 R98                 R0603_A             000     000     0
470                 R99                 R0603_A             000     000     0
2,4ך                R100                R0603_A             000     000     0
100                 R101                R0603_A             000     000     0
100                 R102                R0603_A             000     000     0
100                 R103                R0603_A             000     000     0
47ך                 R104                R0603_A             000     000     0
47ך                 R105                R0603_A             000     000     0
75                  R106                R0603_A             000     000     0
47ך                 R107                R0603_A             000     000     0
10ך                 R108                R0603x4             000     000     0
10ך                 R109                R0603x4             000     000     0
100                 R110                R0603x4             000     000     0
100                 R111                R0603x4             000     000     0
47ך                 R112                R0603_A             000     000     0
47ך                 R113                R0603_A             000     000     0
47ך                 R114                R0603_A             000     000     0
47ך                 R115                R0603_A             000     000     0
47ך                 R116                R0603_A             000     000     0
47ך                 R117                R0603_A             000     000     0
MBR2H100SFT3G       VD1                 SMA_A               000     000     0
SM712               VD2                 SOT23-3_A           000     000     0
AQ24CANFD           VD3                 SOT23-3_A           000     000     0
MBR2H100SFT3G       VD4                 SOD123FL            000     000     0
MBR2H100SFT3G       VD5                 SOD123FL            000     000     0
MBR2H100SFT3G       VD6                 SOD123FL            000     000     0
MBR2H100SFT3G       VD7                 SOD123FL            000     000     0
MBR2H100SFT3G       VD8                 SOD123FL            000     000     0
NTMFS5H409NL        VT1                 DFN5                000     000     0
IRF7509             VT2                 Micro8_A            000     000     0
IRF7509             VT3                 Micro8_A            000     000     0
IRF7509             VT4                 Micro8_A            000     000     0
PLS-3               X1                  PLS_3               000     000     0
PLS-6               X2                  PLS_6               000     000     0
Micro-Fit 43045-100 X3                  Molex_MK_43045-1000 000     000     0
Clik-Mate 502584027 X4                  MOLEX_Click-Mate 2  000     000     0
OMRON XF2W-2415-1A  X5                  OMRON XF2W-2415-1A  000     000     0
Clik-Mate 502584037 X6                  MOLEX_Click-Mate 3  000     000     0
Clik-Mate 502584057 X7                  MOLEX_Click-Mate 5  000     000     0
Micro-Fit 43045-040 X8                  MOLEX_MK 43045-0401 000     000     0
Micro-Fit 43045-040 X9                  MOLEX_MK 43045-0401 000     000     0
Clik-Mate 502584087 X10                 MOLEX_Click-Mate 8  000     000     0
Micro-Fit 43045-040 X11                 MOLEX_MK 43045-0401 000     000     0
Clik-Mate 502584047 X12                 MOLEX_Click-Mate 4  000     000     0
Clik-Mate 502584037 X13                 MOLEX_Click-Mate 3  000     000     0
Clik-Mate 502584037 X14                 MOLEX_Click-Mate 3  000     000     0
Clik-Mate 502584037 X15                 MOLEX_Click-Mate 3  000     000     0
Clik-Mate 502584037 X16                 MOLEX_Click-Mate 3  000     000     0
SSM-123-L-DV        X17                 SSM-123-L-DV        000     000     0
SSM-123-L-DV        X18                 SSM-123-L-DV        000     000     0
SSM-116-L-DV        X19                 SSM-116-L-DV        000     000     0
PBS-06-SMD          X20                 PBS-6               000     000     0
SSM-116-L-DV        X21                 SSM-116-L-DV        000     000     0
PBS-06-SMD          X22                 PBS-6               000     000     0
Micro-Fit 43045-080 X23                 Molex_MK_43045-0427 000     000     0
Micro-Fit 43045-080 X24                 Molex_MK_43045-0427 000     000     0
PLS-6               X25                 PLS_6               000     000     0
PLS-6               X26                 PLS_6               000     000     0
CSTCE12M0G52-R0     Z1                  CSTCE               000     000     0
